<?xml version="1.0" encoding="UTF-8"?>
<!-- Generated by org.testng.reporters.JUnitReportReporter -->
<testsuite hostname="LAPTOP-QAEBA5FP" failures="0" tests="1" name="Day3.CookiesAndHeaders" time="0.955" errors="0" timestamp="2025-04-12T21:51:04 IST" skipped="0">
  <testcase classname="Day3.CookiesAndHeaders" name="pathAndQueryParameters" time="0.955"/>
</testsuite> <!-- Day3.CookiesAndHeaders -->
