<?xml version="1.0" encoding="UTF-8"?>
<!-- Generated by org.testng.reporters.JUnitReportReporter -->
<testsuite hostname="LAPTOP-QAEBA5FP" failures="0" tests="1" name="Day3.LoggingDemo" time="1.187" errors="0" timestamp="2025-04-12T22:44:56 IST" skipped="0">
  <testcase classname="Day3.LoggingDemo" name="LoggingConcept" time="1.187"/>
</testsuite> <!-- Day3.LoggingDemo -->
