<?xml version="1.0" encoding="UTF-8"?>
<!-- Generated by org.testng.reporters.JUnitReportReporter -->
<testsuite hostname="LAPTOP-QAEBA5FP" failures="0" tests="4" name="Day2.DiffwaysToCreatePostResponsebody" time="2.801" errors="0" timestamp="2025-04-12T15:54:13 IST" skipped="0">
  <testcase classname="Day2.DiffwaysToCreatePostResponsebody" name="testPostUsingHashMap" time="0.335"/>
  <testcase classname="Day2.DiffwaysToCreatePostResponsebody" name="createRequestBodyUsingexternalJSONFile" time="2.202"/>
  <testcase classname="Day2.DiffwaysToCreatePostResponsebody" name="createRequestBodyusingJSONObject" time="0.111"/>
  <testcase classname="Day2.DiffwaysToCreatePostResponsebody" name="createRequestBodyUsingPOJO" time="0.153"/>
</testsuite> <!-- Day2.DiffwaysToCreatePostResponsebody -->
