<?xml version="1.0" encoding="UTF-8"?>
<!-- Generated by org.testng.reporters.JUnitReportReporter -->
<testsuite hostname="LAPTOP-QAEBA5FP" failures="0" tests="1" name="Day3.HeadersDemo" time="1.129" errors="0" timestamp="2025-04-12T22:34:43 IST" skipped="0">
  <testcase classname="Day3.HeadersDemo" name="getHeaders" time="1.129"/>
</testsuite> <!-- Day3.HeadersDemo -->
