<?xml version="1.0" encoding="UTF-8"?>
<!-- Generated by org.testng.reporters.JUnitReportReporter -->
<testsuite hostname="LAPTOP-QAEBA5FP" failures="0" tests="4" name="Day1.HttpMethods" time="3.521" errors="0" timestamp="2025-04-11T09:55:03 IST" skipped="0">
  <testcase classname="Day1.HttpMethods" name="performMethods" time="2.056"/>
  <testcase classname="Day1.HttpMethods" name="createUser" time="0.694"/>
  <testcase classname="Day1.HttpMethods" name="updateUser" time="0.373"/>
  <testcase classname="Day1.HttpMethods" name="deleteUser" time="0.398"/>
</testsuite> <!-- Day1.HttpMethods -->
