<?xml version="1.0" encoding="UTF-8"?>
<!-- Generated by org.testng.reporters.JUnitReportReporter -->
<testsuite hostname="LAPTOP-QAEBA5FP" failures="0" tests="1" name="Day3.CookiesDemo" time="1.078" errors="0" timestamp="2025-04-12T22:15:37 IST" skipped="0">
  <testcase classname="Day3.CookiesDemo" name="getAllCoockies" time="1.078"/>
</testsuite> <!-- Day3.CookiesDemo -->
